  PracticingPrinciples.cpp
C:\Users\Rebecca Velez\OneDrive - University of Florida\GitHub Repositories\Practicing Principles\PracticingPrinciples\PracticingPrinciples.cpp(89,1): warning C4267: 'initializing': conversion from 'size_t' to 'int', possible loss of data
C:\Users\Rebecca Velez\OneDrive - University of Florida\GitHub Repositories\Practicing Principles\PracticingPrinciples\PracticingPrinciples.cpp(99,1): warning C4267: 'initializing': conversion from 'size_t' to 'int', possible loss of data
C:\Users\Rebecca Velez\OneDrive - University of Florida\GitHub Repositories\Practicing Principles\PracticingPrinciples\PracticingPrinciples.cpp(139,1): warning C4267: 'initializing': conversion from 'size_t' to 'int', possible loss of data
C:\Users\Rebecca Velez\OneDrive - University of Florida\GitHub Repositories\Practicing Principles\PracticingPrinciples\PracticingPrinciples.cpp(192,1): warning C4267: 'initializing': conversion from 'size_t' to 'int', possible loss of data
C:\Users\Rebecca Velez\OneDrive - University of Florida\GitHub Repositories\Practicing Principles\PracticingPrinciples\PracticingPrinciples.cpp(233,1): warning C4267: 'argument': conversion from 'size_t' to 'int', possible loss of data
C:\Users\Rebecca Velez\OneDrive - University of Florida\GitHub Repositories\Practicing Principles\PracticingPrinciples\PracticingPrinciples.cpp(235,1): warning C4267: 'argument': conversion from 'size_t' to 'int', possible loss of data
C:\Users\Rebecca Velez\OneDrive - University of Florida\GitHub Repositories\Practicing Principles\PracticingPrinciples\PracticingPrinciples.cpp(364,50): warning C4244: 'return': conversion from 'double' to 'float', possible loss of data
C:\Users\Rebecca Velez\OneDrive - University of Florida\GitHub Repositories\Practicing Principles\PracticingPrinciples\PracticingPrinciples.cpp(366,20): warning C4244: 'return': conversion from 'int' to 'float', possible loss of data
C:\Users\Rebecca Velez\OneDrive - University of Florida\GitHub Repositories\Practicing Principles\PracticingPrinciples\PracticingPrinciples.cpp(382,20): warning C4244: '=': conversion from 'int' to 'float', possible loss of data
C:\Users\Rebecca Velez\OneDrive - University of Florida\GitHub Repositories\Practicing Principles\PracticingPrinciples\PracticingPrinciples.cpp(383,20): warning C4244: '=': conversion from 'int' to 'float', possible loss of data
C:\Users\Rebecca Velez\OneDrive - University of Florida\GitHub Repositories\Practicing Principles\PracticingPrinciples\PracticingPrinciples.cpp(384,20): warning C4244: '=': conversion from 'int' to 'float', possible loss of data
C:\Users\Rebecca Velez\OneDrive - University of Florida\GitHub Repositories\Practicing Principles\PracticingPrinciples\PracticingPrinciples.cpp(413,47): warning C4244: '=': conversion from 'double' to 'float', possible loss of data
C:\Users\Rebecca Velez\OneDrive - University of Florida\GitHub Repositories\Practicing Principles\PracticingPrinciples\PracticingPrinciples.cpp(414,47): warning C4244: '=': conversion from 'double' to 'float', possible loss of data
C:\Users\Rebecca Velez\OneDrive - University of Florida\GitHub Repositories\Practicing Principles\PracticingPrinciples\PracticingPrinciples.cpp(418,18): warning C4244: '=': conversion from 'int' to 'float', possible loss of data
C:\Users\Rebecca Velez\OneDrive - University of Florida\GitHub Repositories\Practicing Principles\PracticingPrinciples\PracticingPrinciples.cpp(419,18): warning C4244: '=': conversion from 'int' to 'float', possible loss of data
C:\Users\Rebecca Velez\OneDrive - University of Florida\GitHub Repositories\Practicing Principles\PracticingPrinciples\PracticingPrinciples.cpp(410,11): warning C4101: 'result': unreferenced local variable
C:\Users\Rebecca Velez\OneDrive - University of Florida\GitHub Repositories\Practicing Principles\PracticingPrinciples\PracticingPrinciples.cpp(378,11): warning C4101: 'currData': unreferenced local variable
C:\Users\Rebecca Velez\OneDrive - University of Florida\GitHub Repositories\Practicing Principles\PracticingPrinciples\PracticingPrinciples.cpp(554,27): warning C4018: '<': signed/unsigned mismatch
C:\Users\Rebecca Velez\OneDrive - University of Florida\GitHub Repositories\Practicing Principles\PracticingPrinciples\PracticingPrinciples.cpp(557,27): warning C4018: '<': signed/unsigned mismatch
C:\Users\Rebecca Velez\OneDrive - University of Florida\GitHub Repositories\Practicing Principles\PracticingPrinciples\ABS.h(162,25): warning C4244: '=': conversion from 'double' to 'unsigned int', possible loss of data
C:\Users\Rebecca Velez\OneDrive - University of Florida\GitHub Repositories\Practicing Principles\PracticingPrinciples\ABS.h(156): message : while compiling class template member function 'void ABS<int>::resize(double)'
C:\Users\Rebecca Velez\OneDrive - University of Florida\GitHub Repositories\Practicing Principles\PracticingPrinciples\ABS.h(94): message : see reference to function template instantiation 'void ABS<int>::resize(double)' being compiled
C:\Users\Rebecca Velez\OneDrive - University of Florida\GitHub Repositories\Practicing Principles\PracticingPrinciples\ABS.h(35): message : while compiling class template member function 'ABS<int>::ABS(void)'
C:\Users\Rebecca Velez\OneDrive - University of Florida\GitHub Repositories\Practicing Principles\PracticingPrinciples\PracticingPrinciples.cpp(548): message : see reference to function template instantiation 'ABS<int>::ABS(void)' being compiled
C:\Users\Rebecca Velez\OneDrive - University of Florida\GitHub Repositories\Practicing Principles\PracticingPrinciples\PracticingPrinciples.cpp(548): message : see reference to class template instantiation 'ABS<int>' being compiled
C:\Users\Rebecca Velez\OneDrive - University of Florida\GitHub Repositories\Practicing Principles\PracticingPrinciples\ABQ.h(163,25): warning C4244: '=': conversion from 'double' to 'unsigned int', possible loss of data
C:\Users\Rebecca Velez\OneDrive - University of Florida\GitHub Repositories\Practicing Principles\PracticingPrinciples\ABQ.h(157): message : while compiling class template member function 'void ABQ<int>::resize(double)'
C:\Users\Rebecca Velez\OneDrive - University of Florida\GitHub Repositories\Practicing Principles\PracticingPrinciples\ABQ.h(94): message : see reference to function template instantiation 'void ABQ<int>::resize(double)' being compiled
C:\Users\Rebecca Velez\OneDrive - University of Florida\GitHub Repositories\Practicing Principles\PracticingPrinciples\ABQ.h(35): message : while compiling class template member function 'ABQ<int>::ABQ(void)'
C:\Users\Rebecca Velez\OneDrive - University of Florida\GitHub Repositories\Practicing Principles\PracticingPrinciples\PracticingPrinciples.cpp(549): message : see reference to function template instantiation 'ABQ<int>::ABQ(void)' being compiled
C:\Users\Rebecca Velez\OneDrive - University of Florida\GitHub Repositories\Practicing Principles\PracticingPrinciples\PracticingPrinciples.cpp(549): message : see reference to class template instantiation 'ABQ<int>' being compiled
  PracticingPrinciples.vcxproj -> C:\Users\Rebecca Velez\OneDrive - University of Florida\GitHub Repositories\Practicing Principles\x64\Debug\PracticingPrinciples.exe
