  PracticingPrinciples.cpp
C:\Users\Rebecca Velez\OneDrive - University of Florida\Old Classes\COP 3503 - Assignments\PracticingPrinciples\PracticingPrinciples\PracticingPrinciples.cpp(91,27): warning C4018: '<': signed/unsigned mismatch
C:\Users\Rebecca Velez\OneDrive - University of Florida\Old Classes\COP 3503 - Assignments\PracticingPrinciples\PracticingPrinciples\PracticingPrinciples.cpp(116,27): warning C4018: '<': signed/unsigned mismatch
C:\Users\Rebecca Velez\OneDrive - University of Florida\Old Classes\COP 3503 - Assignments\PracticingPrinciples\PracticingPrinciples\PracticingPrinciples.cpp(135,35): warning C4018: '<': signed/unsigned mismatch
C:\Users\Rebecca Velez\OneDrive - University of Florida\Old Classes\COP 3503 - Assignments\PracticingPrinciples\PracticingPrinciples\PracticingPrinciples.cpp(153,31): warning C4018: '<': signed/unsigned mismatch
C:\Users\Rebecca Velez\OneDrive - University of Florida\Old Classes\COP 3503 - Assignments\PracticingPrinciples\PracticingPrinciples\PracticingPrinciples.cpp(154,35): warning C4018: '<': signed/unsigned mismatch
C:\Users\Rebecca Velez\OneDrive - University of Florida\Old Classes\COP 3503 - Assignments\PracticingPrinciples\PracticingPrinciples\PracticingPrinciples.cpp(168,27): warning C4018: '<': signed/unsigned mismatch
C:\Users\Rebecca Velez\OneDrive - University of Florida\Old Classes\COP 3503 - Assignments\PracticingPrinciples\PracticingPrinciples\PracticingPrinciples.cpp(169,31): warning C4018: '<': signed/unsigned mismatch
C:\Users\Rebecca Velez\OneDrive - University of Florida\Old Classes\COP 3503 - Assignments\PracticingPrinciples\PracticingPrinciples\PracticingPrinciples.cpp(184,27): warning C4018: '<': signed/unsigned mismatch
C:\Users\Rebecca Velez\OneDrive - University of Florida\Old Classes\COP 3503 - Assignments\PracticingPrinciples\PracticingPrinciples\PracticingPrinciples.cpp(189,44): warning C4018: '<': signed/unsigned mismatch
C:\Users\Rebecca Velez\OneDrive - University of Florida\Old Classes\COP 3503 - Assignments\PracticingPrinciples\PracticingPrinciples\PracticingPrinciples.cpp(249,27): warning C4018: '<': signed/unsigned mismatch
C:\Users\Rebecca Velez\OneDrive - University of Florida\Old Classes\COP 3503 - Assignments\PracticingPrinciples\PracticingPrinciples\PracticingPrinciples.cpp(258,27): warning C4018: '<': signed/unsigned mismatch
C:\Users\Rebecca Velez\OneDrive - University of Florida\Old Classes\COP 3503 - Assignments\PracticingPrinciples\PracticingPrinciples\PracticingPrinciples.cpp(367,50): warning C4244: 'return': conversion from 'double' to 'float', possible loss of data
C:\Users\Rebecca Velez\OneDrive - University of Florida\Old Classes\COP 3503 - Assignments\PracticingPrinciples\PracticingPrinciples\PracticingPrinciples.cpp(369,20): warning C4244: 'return': conversion from 'int' to 'float', possible loss of data
C:\Users\Rebecca Velez\OneDrive - University of Florida\Old Classes\COP 3503 - Assignments\PracticingPrinciples\PracticingPrinciples\PracticingPrinciples.cpp(385,20): warning C4244: '=': conversion from 'int' to 'float', possible loss of data
C:\Users\Rebecca Velez\OneDrive - University of Florida\Old Classes\COP 3503 - Assignments\PracticingPrinciples\PracticingPrinciples\PracticingPrinciples.cpp(386,20): warning C4244: '=': conversion from 'int' to 'float', possible loss of data
C:\Users\Rebecca Velez\OneDrive - University of Florida\Old Classes\COP 3503 - Assignments\PracticingPrinciples\PracticingPrinciples\PracticingPrinciples.cpp(387,20): warning C4244: '=': conversion from 'int' to 'float', possible loss of data
C:\Users\Rebecca Velez\OneDrive - University of Florida\Old Classes\COP 3503 - Assignments\PracticingPrinciples\PracticingPrinciples\PracticingPrinciples.cpp(416,47): warning C4244: '=': conversion from 'double' to 'float', possible loss of data
C:\Users\Rebecca Velez\OneDrive - University of Florida\Old Classes\COP 3503 - Assignments\PracticingPrinciples\PracticingPrinciples\PracticingPrinciples.cpp(417,47): warning C4244: '=': conversion from 'double' to 'float', possible loss of data
C:\Users\Rebecca Velez\OneDrive - University of Florida\Old Classes\COP 3503 - Assignments\PracticingPrinciples\PracticingPrinciples\PracticingPrinciples.cpp(421,18): warning C4244: '=': conversion from 'int' to 'float', possible loss of data
C:\Users\Rebecca Velez\OneDrive - University of Florida\Old Classes\COP 3503 - Assignments\PracticingPrinciples\PracticingPrinciples\PracticingPrinciples.cpp(422,18): warning C4244: '=': conversion from 'int' to 'float', possible loss of data
C:\Users\Rebecca Velez\OneDrive - University of Florida\Old Classes\COP 3503 - Assignments\PracticingPrinciples\PracticingPrinciples\PracticingPrinciples.cpp(413,11): warning C4101: 'result': unreferenced local variable
C:\Users\Rebecca Velez\OneDrive - University of Florida\Old Classes\COP 3503 - Assignments\PracticingPrinciples\PracticingPrinciples\PracticingPrinciples.cpp(381,11): warning C4101: 'currData': unreferenced local variable
C:\Users\Rebecca Velez\OneDrive - University of Florida\Old Classes\COP 3503 - Assignments\PracticingPrinciples\PracticingPrinciples\PracticingPrinciples.cpp(474,27): warning C4018: '<': signed/unsigned mismatch
C:\Users\Rebecca Velez\OneDrive - University of Florida\Old Classes\COP 3503 - Assignments\PracticingPrinciples\PracticingPrinciples\PracticingPrinciples.cpp(477,27): warning C4018: '<': signed/unsigned mismatch
C:\Users\Rebecca Velez\OneDrive - University of Florida\Old Classes\COP 3503 - Assignments\PracticingPrinciples\PracticingPrinciples\PracticingPrinciples.cpp(491,27): warning C4018: '<': signed/unsigned mismatch
C:\Users\Rebecca Velez\OneDrive - University of Florida\Old Classes\COP 3503 - Assignments\PracticingPrinciples\PracticingPrinciples\ABS.h(162,25): warning C4244: '=': conversion from 'double' to 'unsigned int', possible loss of data
C:\Users\Rebecca Velez\OneDrive - University of Florida\Old Classes\COP 3503 - Assignments\PracticingPrinciples\PracticingPrinciples\ABS.h(156): message : while compiling class template member function 'void ABS<int>::resize(double)'
C:\Users\Rebecca Velez\OneDrive - University of Florida\Old Classes\COP 3503 - Assignments\PracticingPrinciples\PracticingPrinciples\ABS.h(94): message : see reference to function template instantiation 'void ABS<int>::resize(double)' being compiled
C:\Users\Rebecca Velez\OneDrive - University of Florida\Old Classes\COP 3503 - Assignments\PracticingPrinciples\PracticingPrinciples\ABS.h(35): message : while compiling class template member function 'ABS<int>::ABS(void)'
C:\Users\Rebecca Velez\OneDrive - University of Florida\Old Classes\COP 3503 - Assignments\PracticingPrinciples\PracticingPrinciples\PracticingPrinciples.cpp(468): message : see reference to function template instantiation 'ABS<int>::ABS(void)' being compiled
C:\Users\Rebecca Velez\OneDrive - University of Florida\Old Classes\COP 3503 - Assignments\PracticingPrinciples\PracticingPrinciples\PracticingPrinciples.cpp(468): message : see reference to class template instantiation 'ABS<int>' being compiled
C:\Users\Rebecca Velez\OneDrive - University of Florida\Old Classes\COP 3503 - Assignments\PracticingPrinciples\PracticingPrinciples\ABQ.h(163,25): warning C4244: '=': conversion from 'double' to 'unsigned int', possible loss of data
C:\Users\Rebecca Velez\OneDrive - University of Florida\Old Classes\COP 3503 - Assignments\PracticingPrinciples\PracticingPrinciples\ABQ.h(157): message : while compiling class template member function 'void ABQ<int>::resize(double)'
C:\Users\Rebecca Velez\OneDrive - University of Florida\Old Classes\COP 3503 - Assignments\PracticingPrinciples\PracticingPrinciples\ABQ.h(94): message : see reference to function template instantiation 'void ABQ<int>::resize(double)' being compiled
C:\Users\Rebecca Velez\OneDrive - University of Florida\Old Classes\COP 3503 - Assignments\PracticingPrinciples\PracticingPrinciples\ABQ.h(35): message : while compiling class template member function 'ABQ<int>::ABQ(void)'
C:\Users\Rebecca Velez\OneDrive - University of Florida\Old Classes\COP 3503 - Assignments\PracticingPrinciples\PracticingPrinciples\PracticingPrinciples.cpp(469): message : see reference to function template instantiation 'ABQ<int>::ABQ(void)' being compiled
C:\Users\Rebecca Velez\OneDrive - University of Florida\Old Classes\COP 3503 - Assignments\PracticingPrinciples\PracticingPrinciples\PracticingPrinciples.cpp(469): message : see reference to class template instantiation 'ABQ<int>' being compiled
  PracticingPrinciples.vcxproj -> C:\Users\Rebecca Velez\OneDrive - University of Florida\Old Classes\COP 3503 - Assignments\PracticingPrinciples\Debug\PracticingPrinciples.exe
